mode: count
github.com/davi-fernandesx/sistema-de-gestao-de-epi/main.go:14.12,25.16 5 0
github.com/davi-fernandesx/sistema-de-gestao-de-epi/main.go:25.16,28.3 1 0
github.com/davi-fernandesx/sistema-de-gestao-de-epi/main.go:30.2,39.21 6 0
github.com/davi-fernandesx/sistema-de-gestao-de-epi/controller/LoginController.go:22.93,27.2 1 0
github.com/davi-fernandesx/sistema-de-gestao-de-epi/controller/LoginController.go:30.62,32.31 1 0
github.com/davi-fernandesx/sistema-de-gestao-de-epi/controller/LoginController.go:32.31,37.17 4 0
github.com/davi-fernandesx/sistema-de-gestao-de-epi/controller/LoginController.go:37.17,40.4 2 0
github.com/davi-fernandesx/sistema-de-gestao-de-epi/controller/LoginController.go:43.3,44.17 2 0
github.com/davi-fernandesx/sistema-de-gestao-de-epi/controller/LoginController.go:44.17,47.4 2 0
github.com/davi-fernandesx/sistema-de-gestao-de-epi/controller/LoginController.go:50.3,52.5 1 0
github.com/davi-fernandesx/sistema-de-gestao-de-epi/controller/LoginController.go:56.58,58.31 1 0
github.com/davi-fernandesx/sistema-de-gestao-de-epi/controller/LoginController.go:58.31,63.17 4 0
github.com/davi-fernandesx/sistema-de-gestao-de-epi/controller/LoginController.go:63.17,68.4 2 0
github.com/davi-fernandesx/sistema-de-gestao-de-epi/controller/LoginController.go:72.3,73.17 2 0
github.com/davi-fernandesx/sistema-de-gestao-de-epi/controller/LoginController.go:73.17,77.4 2 0
github.com/davi-fernandesx/sistema-de-gestao-de-epi/controller/LoginController.go:79.3,79.18 1 0
github.com/davi-fernandesx/sistema-de-gestao-de-epi/controller/LoginController.go:79.18,82.4 2 0
github.com/davi-fernandesx/sistema-de-gestao-de-epi/controller/LoginController.go:85.3,85.78 1 0
github.com/davi-fernandesx/sistema-de-gestao-de-epi/configs/conn.go:16.53,28.16 8 0
github.com/davi-fernandesx/sistema-de-gestao-de-epi/configs/conn.go:28.16,31.3 1 0
github.com/davi-fernandesx/sistema-de-gestao-de-epi/configs/conn.go:33.2,34.16 2 0
github.com/davi-fernandesx/sistema-de-gestao-de-epi/configs/conn.go:34.16,36.3 1 0
github.com/davi-fernandesx/sistema-de-gestao-de-epi/configs/conn.go:38.2,38.17 1 0
github.com/davi-fernandesx/sistema-de-gestao-de-epi/configs/conn.go:46.48,46.66 1 0
github.com/davi-fernandesx/sistema-de-gestao-de-epi/configs/init.go:18.48,21.16 2 0
github.com/davi-fernandesx/sistema-de-gestao-de-epi/configs/init.go:21.16,23.3 1 0
github.com/davi-fernandesx/sistema-de-gestao-de-epi/configs/init.go:25.2,26.16 2 0
github.com/davi-fernandesx/sistema-de-gestao-de-epi/configs/init.go:26.16,29.3 1 0
github.com/davi-fernandesx/sistema-de-gestao-de-epi/configs/init.go:33.2,34.16 2 0
github.com/davi-fernandesx/sistema-de-gestao-de-epi/auth/auth.go:10.49,13.16 2 1
github.com/davi-fernandesx/sistema-de-gestao-de-epi/auth/auth.go:13.16,15.3 1 0
github.com/davi-fernandesx/sistema-de-gestao-de-epi/auth/auth.go:17.2,17.23 1 1
github.com/davi-fernandesx/sistema-de-gestao-de-epi/auth/auth.go:22.57,25.16 2 0
github.com/davi-fernandesx/sistema-de-gestao-de-epi/auth/auth.go:25.16,27.3 1 0
github.com/davi-fernandesx/sistema-de-gestao-de-epi/auth/auth.go:29.2,29.19 1 0
github.com/davi-fernandesx/sistema-de-gestao-de-epi/repository/entradaEpi/entradaEpiREpository.go:24.50,29.2 1 4
github.com/davi-fernandesx/sistema-de-gestao-de-epi/repository/entradaEpi/entradaEpiREpository.go:32.101,48.16 3 2
github.com/davi-fernandesx/sistema-de-gestao-de-epi/repository/entradaEpi/entradaEpiREpository.go:48.16,50.3 1 1
github.com/davi-fernandesx/sistema-de-gestao-de-epi/repository/entradaEpi/entradaEpiREpository.go:52.2,52.12 1 1
github.com/davi-fernandesx/sistema-de-gestao-de-epi/repository/entradaEpi/entradaEpiREpository.go:56.93,98.16 4 3
github.com/davi-fernandesx/sistema-de-gestao-de-epi/repository/entradaEpi/entradaEpiREpository.go:98.16,100.27 1 2
github.com/davi-fernandesx/sistema-de-gestao-de-epi/repository/entradaEpi/entradaEpiREpository.go:100.27,103.4 1 1
github.com/davi-fernandesx/sistema-de-gestao-de-epi/repository/entradaEpi/entradaEpiREpository.go:105.3,105.36 1 1
github.com/davi-fernandesx/sistema-de-gestao-de-epi/repository/entradaEpi/entradaEpiREpository.go:108.2,108.22 1 1
github.com/davi-fernandesx/sistema-de-gestao-de-epi/repository/entradaEpi/entradaEpiREpository.go:112.92,132.16 3 5
github.com/davi-fernandesx/sistema-de-gestao-de-epi/repository/entradaEpi/entradaEpiREpository.go:132.16,134.3 1 1
github.com/davi-fernandesx/sistema-de-gestao-de-epi/repository/entradaEpi/entradaEpiREpository.go:136.2,140.20 3 4
github.com/davi-fernandesx/sistema-de-gestao-de-epi/repository/entradaEpi/entradaEpiREpository.go:140.20,162.17 3 4
github.com/davi-fernandesx/sistema-de-gestao-de-epi/repository/entradaEpi/entradaEpiREpository.go:162.17,164.4 1 1
github.com/davi-fernandesx/sistema-de-gestao-de-epi/repository/entradaEpi/entradaEpiREpository.go:166.3,166.39 1 3
github.com/davi-fernandesx/sistema-de-gestao-de-epi/repository/entradaEpi/entradaEpiREpository.go:169.2,169.37 1 3
github.com/davi-fernandesx/sistema-de-gestao-de-epi/repository/entradaEpi/entradaEpiREpository.go:169.37,172.3 1 1
github.com/davi-fernandesx/sistema-de-gestao-de-epi/repository/entradaEpi/entradaEpiREpository.go:174.2,174.22 1 2
github.com/davi-fernandesx/sistema-de-gestao-de-epi/repository/entradaEpi/entradaEpiREpository.go:178.74,186.16 3 4
github.com/davi-fernandesx/sistema-de-gestao-de-epi/repository/entradaEpi/entradaEpiREpository.go:186.16,188.3 1 1
github.com/davi-fernandesx/sistema-de-gestao-de-epi/repository/entradaEpi/entradaEpiREpository.go:190.2,191.16 2 3
github.com/davi-fernandesx/sistema-de-gestao-de-epi/repository/entradaEpi/entradaEpiREpository.go:191.16,192.47 1 1
github.com/davi-fernandesx/sistema-de-gestao-de-epi/repository/entradaEpi/entradaEpiREpository.go:192.47,195.4 1 1
github.com/davi-fernandesx/sistema-de-gestao-de-epi/repository/entradaEpi/entradaEpiREpository.go:198.2,198.17 1 2
github.com/davi-fernandesx/sistema-de-gestao-de-epi/repository/entradaEpi/entradaEpiREpository.go:198.17,201.3 1 1
github.com/davi-fernandesx/sistema-de-gestao-de-epi/repository/entradaEpi/entradaEpiREpository.go:203.2,203.12 1 1
github.com/davi-fernandesx/sistema-de-gestao-de-epi/repository/entregaEpi/entregaRepository.go:25.56,31.2 1 4
github.com/davi-fernandesx/sistema-de-gestao-de-epi/repository/entregaEpi/entregaRepository.go:34.93,37.16 2 6
github.com/davi-fernandesx/sistema-de-gestao-de-epi/repository/entregaEpi/entregaRepository.go:37.16,39.3 1 1
github.com/davi-fernandesx/sistema-de-gestao-de-epi/repository/entregaEpi/entregaRepository.go:40.2,53.19 5 5
github.com/davi-fernandesx/sistema-de-gestao-de-epi/repository/entregaEpi/entregaRepository.go:53.19,56.3 1 1
github.com/davi-fernandesx/sistema-de-gestao-de-epi/repository/entregaEpi/entregaRepository.go:58.2,60.20 3 4
github.com/davi-fernandesx/sistema-de-gestao-de-epi/repository/entregaEpi/entregaRepository.go:60.20,62.3 1 1
github.com/davi-fernandesx/sistema-de-gestao-de-epi/repository/entregaEpi/entregaRepository.go:63.2,65.33 2 3
github.com/davi-fernandesx/sistema-de-gestao-de-epi/repository/entregaEpi/entregaRepository.go:65.33,69.17 2 5
github.com/davi-fernandesx/sistema-de-gestao-de-epi/repository/entregaEpi/entregaRepository.go:69.17,71.4 1 1
github.com/davi-fernandesx/sistema-de-gestao-de-epi/repository/entregaEpi/entregaRepository.go:74.2,74.35 1 2
github.com/davi-fernandesx/sistema-de-gestao-de-epi/repository/entregaEpi/entregaRepository.go:74.35,76.3 1 1
github.com/davi-fernandesx/sistema-de-gestao-de-epi/repository/entregaEpi/entregaRepository.go:78.2,78.12 1 1
github.com/davi-fernandesx/sistema-de-gestao-de-epi/repository/entregaEpi/entregaRepository.go:82.92,128.16 4 4
github.com/davi-fernandesx/sistema-de-gestao-de-epi/repository/entregaEpi/entregaRepository.go:128.16,130.3 1 1
github.com/davi-fernandesx/sistema-de-gestao-de-epi/repository/entregaEpi/entregaRepository.go:131.2,133.20 2 3
github.com/davi-fernandesx/sistema-de-gestao-de-epi/repository/entregaEpi/entregaRepository.go:133.20,169.19 12 3
github.com/davi-fernandesx/sistema-de-gestao-de-epi/repository/entregaEpi/entregaRepository.go:169.19,172.4 1 1
github.com/davi-fernandesx/sistema-de-gestao-de-epi/repository/entregaEpi/entregaRepository.go:174.3,174.21 1 2
github.com/davi-fernandesx/sistema-de-gestao-de-epi/repository/entregaEpi/entregaRepository.go:174.21,194.4 1 1
github.com/davi-fernandesx/sistema-de-gestao-de-epi/repository/entregaEpi/entregaRepository.go:196.3,196.47 1 2
github.com/davi-fernandesx/sistema-de-gestao-de-epi/repository/entregaEpi/entregaRepository.go:199.2,199.36 1 2
github.com/davi-fernandesx/sistema-de-gestao-de-epi/repository/entregaEpi/entregaRepository.go:199.36,202.3 1 0
github.com/davi-fernandesx/sistema-de-gestao-de-epi/repository/entregaEpi/entregaRepository.go:203.2,203.20 1 2
github.com/davi-fernandesx/sistema-de-gestao-de-epi/repository/entregaEpi/entregaRepository.go:203.20,205.2 1 1
github.com/davi-fernandesx/sistema-de-gestao-de-epi/repository/entregaEpi/entregaRepository.go:207.2,207.22 1 1
github.com/davi-fernandesx/sistema-de-gestao-de-epi/repository/entregaEpi/entregaRepository.go:212.92,256.17 3 3
github.com/davi-fernandesx/sistema-de-gestao-de-epi/repository/entregaEpi/entregaRepository.go:256.17,259.4 1 1
github.com/davi-fernandesx/sistema-de-gestao-de-epi/repository/entregaEpi/entregaRepository.go:260.3,264.20 3 2
github.com/davi-fernandesx/sistema-de-gestao-de-epi/repository/entregaEpi/entregaRepository.go:264.20,299.19 12 3
github.com/davi-fernandesx/sistema-de-gestao-de-epi/repository/entregaEpi/entregaRepository.go:299.19,302.4 1 0
github.com/davi-fernandesx/sistema-de-gestao-de-epi/repository/entregaEpi/entregaRepository.go:304.3,304.43 1 3
github.com/davi-fernandesx/sistema-de-gestao-de-epi/repository/entregaEpi/entregaRepository.go:304.43,326.4 1 2
github.com/davi-fernandesx/sistema-de-gestao-de-epi/repository/entregaEpi/entregaRepository.go:328.3,328.74 1 3
github.com/davi-fernandesx/sistema-de-gestao-de-epi/repository/entregaEpi/entregaRepository.go:331.2,331.36 1 2
github.com/davi-fernandesx/sistema-de-gestao-de-epi/repository/entregaEpi/entregaRepository.go:331.36,334.3 1 0
github.com/davi-fernandesx/sistema-de-gestao-de-epi/repository/entregaEpi/entregaRepository.go:336.2,338.36 2 2
github.com/davi-fernandesx/sistema-de-gestao-de-epi/repository/entregaEpi/entregaRepository.go:338.36,340.3 1 2
github.com/davi-fernandesx/sistema-de-gestao-de-epi/repository/entregaEpi/entregaRepository.go:342.2,342.26 1 2
github.com/davi-fernandesx/sistema-de-gestao-de-epi/repository/entregaEpi/entregaRepository.go:342.26,345.3 1 0
github.com/davi-fernandesx/sistema-de-gestao-de-epi/repository/entregaEpi/entregaRepository.go:348.2,348.26 1 2
github.com/davi-fernandesx/sistema-de-gestao-de-epi/repository/entregaEpi/entregaRepository.go:352.74,359.16 3 4
github.com/davi-fernandesx/sistema-de-gestao-de-epi/repository/entregaEpi/entregaRepository.go:359.16,362.3 1 1
github.com/davi-fernandesx/sistema-de-gestao-de-epi/repository/entregaEpi/entregaRepository.go:364.3,365.17 2 3
github.com/davi-fernandesx/sistema-de-gestao-de-epi/repository/entregaEpi/entregaRepository.go:365.17,367.47 1 1
github.com/davi-fernandesx/sistema-de-gestao-de-epi/repository/entregaEpi/entregaRepository.go:367.47,370.4 1 1
github.com/davi-fernandesx/sistema-de-gestao-de-epi/repository/entregaEpi/entregaRepository.go:373.3,373.17 1 2
github.com/davi-fernandesx/sistema-de-gestao-de-epi/repository/entregaEpi/entregaRepository.go:373.17,376.4 1 1
github.com/davi-fernandesx/sistema-de-gestao-de-epi/repository/entregaEpi/entregaRepository.go:379.3,379.14 1 1
github.com/davi-fernandesx/sistema-de-gestao-de-epi/repository/departamento/departamentoRepository.go:27.66,32.2 1 4
github.com/davi-fernandesx/sistema-de-gestao-de-epi/repository/departamento/departamentoRepository.go:35.100,40.16 3 3
github.com/davi-fernandesx/sistema-de-gestao-de-epi/repository/departamento/departamentoRepository.go:40.16,42.55 2 2
github.com/davi-fernandesx/sistema-de-gestao-de-epi/repository/departamento/departamentoRepository.go:42.55,45.4 1 1
github.com/davi-fernandesx/sistema-de-gestao-de-epi/repository/departamento/departamentoRepository.go:46.3,46.84 1 1
github.com/davi-fernandesx/sistema-de-gestao-de-epi/repository/departamento/departamentoRepository.go:49.2,49.12 1 1
github.com/davi-fernandesx/sistema-de-gestao-de-epi/repository/departamento/departamentoRepository.go:53.100,64.16 4 3
github.com/davi-fernandesx/sistema-de-gestao-de-epi/repository/departamento/departamentoRepository.go:64.16,65.27 1 2
github.com/davi-fernandesx/sistema-de-gestao-de-epi/repository/departamento/departamentoRepository.go:65.27,67.4 1 1
github.com/davi-fernandesx/sistema-de-gestao-de-epi/repository/departamento/departamentoRepository.go:69.3,69.64 1 1
github.com/davi-fernandesx/sistema-de-gestao-de-epi/repository/departamento/departamentoRepository.go:72.2,72.27 1 1
github.com/davi-fernandesx/sistema-de-gestao-de-epi/repository/departamento/departamentoRepository.go:76.100,81.16 3 3
github.com/davi-fernandesx/sistema-de-gestao-de-epi/repository/departamento/departamentoRepository.go:81.16,83.3 1 1
github.com/davi-fernandesx/sistema-de-gestao-de-epi/repository/departamento/departamentoRepository.go:85.2,89.20 3 2
github.com/davi-fernandesx/sistema-de-gestao-de-epi/repository/departamento/departamentoRepository.go:89.20,92.83 2 5
github.com/davi-fernandesx/sistema-de-gestao-de-epi/repository/departamento/departamentoRepository.go:92.83,94.4 1 0
github.com/davi-fernandesx/sistema-de-gestao-de-epi/repository/departamento/departamentoRepository.go:96.3,96.54 1 5
github.com/davi-fernandesx/sistema-de-gestao-de-epi/repository/departamento/departamentoRepository.go:99.2,99.37 1 2
github.com/davi-fernandesx/sistema-de-gestao-de-epi/repository/departamento/departamentoRepository.go:99.37,102.3 1 1
github.com/davi-fernandesx/sistema-de-gestao-de-epi/repository/departamento/departamentoRepository.go:104.2,104.28 1 1
github.com/davi-fernandesx/sistema-de-gestao-de-epi/repository/departamento/departamentoRepository.go:109.78,114.16 3 3
github.com/davi-fernandesx/sistema-de-gestao-de-epi/repository/departamento/departamentoRepository.go:114.16,116.3 1 0
github.com/davi-fernandesx/sistema-de-gestao-de-epi/repository/departamento/departamentoRepository.go:118.2,119.16 2 3
github.com/davi-fernandesx/sistema-de-gestao-de-epi/repository/departamento/departamentoRepository.go:119.16,120.46 1 1
github.com/davi-fernandesx/sistema-de-gestao-de-epi/repository/departamento/departamentoRepository.go:120.46,123.4 1 1
github.com/davi-fernandesx/sistema-de-gestao-de-epi/repository/departamento/departamentoRepository.go:126.2,126.17 1 2
github.com/davi-fernandesx/sistema-de-gestao-de-epi/repository/departamento/departamentoRepository.go:126.17,128.3 1 1
github.com/davi-fernandesx/sistema-de-gestao-de-epi/repository/departamento/departamentoRepository.go:130.2,130.12 1 1
github.com/davi-fernandesx/sistema-de-gestao-de-epi/repository/departamento/departamentoRepository.go:133.96,140.17 3 0
github.com/davi-fernandesx/sistema-de-gestao-de-epi/repository/departamento/departamentoRepository.go:140.17,143.4 1 0
github.com/davi-fernandesx/sistema-de-gestao-de-epi/repository/departamento/departamentoRepository.go:145.2,145.13 1 0
github.com/davi-fernandesx/sistema-de-gestao-de-epi/repository/funcao/funcaoRepository.go:26.54,31.2 1 4
github.com/davi-fernandesx/sistema-de-gestao-de-epi/repository/funcao/funcaoRepository.go:34.85,38.16 3 3
github.com/davi-fernandesx/sistema-de-gestao-de-epi/repository/funcao/funcaoRepository.go:38.16,40.56 2 2
github.com/davi-fernandesx/sistema-de-gestao-de-epi/repository/funcao/funcaoRepository.go:40.56,42.5 1 1
github.com/davi-fernandesx/sistema-de-gestao-de-epi/repository/funcao/funcaoRepository.go:44.4,44.80 1 1
github.com/davi-fernandesx/sistema-de-gestao-de-epi/repository/funcao/funcaoRepository.go:47.3,47.14 1 1
github.com/davi-fernandesx/sistema-de-gestao-de-epi/repository/funcao/funcaoRepository.go:51.91,58.16 4 3
github.com/davi-fernandesx/sistema-de-gestao-de-epi/repository/funcao/funcaoRepository.go:58.16,59.27 1 2
github.com/davi-fernandesx/sistema-de-gestao-de-epi/repository/funcao/funcaoRepository.go:59.27,61.4 1 1
github.com/davi-fernandesx/sistema-de-gestao-de-epi/repository/funcao/funcaoRepository.go:63.3,63.64 1 1
github.com/davi-fernandesx/sistema-de-gestao-de-epi/repository/funcao/funcaoRepository.go:66.2,66.21 1 1
github.com/davi-fernandesx/sistema-de-gestao-de-epi/repository/funcao/funcaoRepository.go:70.89,74.16 3 4
github.com/davi-fernandesx/sistema-de-gestao-de-epi/repository/funcao/funcaoRepository.go:74.16,76.3 1 1
github.com/davi-fernandesx/sistema-de-gestao-de-epi/repository/funcao/funcaoRepository.go:78.2,81.19 3 3
github.com/davi-fernandesx/sistema-de-gestao-de-epi/repository/funcao/funcaoRepository.go:81.19,85.63 2 5
github.com/davi-fernandesx/sistema-de-gestao-de-epi/repository/funcao/funcaoRepository.go:85.63,88.4 1 1
github.com/davi-fernandesx/sistema-de-gestao-de-epi/repository/funcao/funcaoRepository.go:90.3,90.36 1 4
github.com/davi-fernandesx/sistema-de-gestao-de-epi/repository/funcao/funcaoRepository.go:93.2,94.16 2 2
github.com/davi-fernandesx/sistema-de-gestao-de-epi/repository/funcao/funcaoRepository.go:94.16,96.3 1 1
github.com/davi-fernandesx/sistema-de-gestao-de-epi/repository/funcao/funcaoRepository.go:98.2,98.22 1 1
github.com/davi-fernandesx/sistema-de-gestao-de-epi/repository/funcao/funcaoRepository.go:103.75,109.16 3 4
github.com/davi-fernandesx/sistema-de-gestao-de-epi/repository/funcao/funcaoRepository.go:109.16,111.3 1 1
github.com/davi-fernandesx/sistema-de-gestao-de-epi/repository/funcao/funcaoRepository.go:114.2,115.16 2 3
github.com/davi-fernandesx/sistema-de-gestao-de-epi/repository/funcao/funcaoRepository.go:115.16,116.46 1 1
github.com/davi-fernandesx/sistema-de-gestao-de-epi/repository/funcao/funcaoRepository.go:116.46,119.4 1 1
github.com/davi-fernandesx/sistema-de-gestao-de-epi/repository/funcao/funcaoRepository.go:122.2,122.17 1 2
github.com/davi-fernandesx/sistema-de-gestao-de-epi/repository/funcao/funcaoRepository.go:122.17,125.3 1 1
github.com/davi-fernandesx/sistema-de-gestao-de-epi/repository/funcao/funcaoRepository.go:127.2,127.12 1 1
github.com/davi-fernandesx/sistema-de-gestao-de-epi/repository/funcao/funcaoRepository.go:131.86,139.16 3 0
github.com/davi-fernandesx/sistema-de-gestao-de-epi/repository/funcao/funcaoRepository.go:139.16,141.3 1 0
github.com/davi-fernandesx/sistema-de-gestao-de-epi/repository/funcao/funcaoRepository.go:143.2,143.13 1 0
github.com/davi-fernandesx/sistema-de-gestao-de-epi/repository/epi/EpiRepository.go:32.48,37.2 1 7
github.com/davi-fernandesx/sistema-de-gestao-de-epi/repository/epi/EpiRepository.go:40.80,43.16 2 2
github.com/davi-fernandesx/sistema-de-gestao-de-epi/repository/epi/EpiRepository.go:43.16,45.6 1 0
github.com/davi-fernandesx/sistema-de-gestao-de-epi/repository/epi/EpiRepository.go:46.2,66.16 5 2
github.com/davi-fernandesx/sistema-de-gestao-de-epi/repository/epi/EpiRepository.go:66.16,68.3 1 0
github.com/davi-fernandesx/sistema-de-gestao-de-epi/repository/epi/EpiRepository.go:70.2,72.15 2 2
github.com/davi-fernandesx/sistema-de-gestao-de-epi/repository/epi/EpiRepository.go:72.15,74.3 1 0
github.com/davi-fernandesx/sistema-de-gestao-de-epi/repository/epi/EpiRepository.go:75.2,77.41 2 2
github.com/davi-fernandesx/sistema-de-gestao-de-epi/repository/epi/EpiRepository.go:77.41,80.17 2 3
github.com/davi-fernandesx/sistema-de-gestao-de-epi/repository/epi/EpiRepository.go:80.17,83.4 1 0
github.com/davi-fernandesx/sistema-de-gestao-de-epi/repository/epi/EpiRepository.go:86.2,87.16 2 2
github.com/davi-fernandesx/sistema-de-gestao-de-epi/repository/epi/EpiRepository.go:87.16,89.3 1 1
github.com/davi-fernandesx/sistema-de-gestao-de-epi/repository/epi/EpiRepository.go:92.2,92.12 1 1
github.com/davi-fernandesx/sistema-de-gestao-de-epi/repository/epi/EpiRepository.go:96.82,124.16 4 2
github.com/davi-fernandesx/sistema-de-gestao-de-epi/repository/epi/EpiRepository.go:124.16,126.27 1 1
github.com/davi-fernandesx/sistema-de-gestao-de-epi/repository/epi/EpiRepository.go:126.27,128.4 1 1
github.com/davi-fernandesx/sistema-de-gestao-de-epi/repository/epi/EpiRepository.go:130.3,130.63 1 0
github.com/davi-fernandesx/sistema-de-gestao-de-epi/repository/epi/EpiRepository.go:133.2,146.16 3 1
github.com/davi-fernandesx/sistema-de-gestao-de-epi/repository/epi/EpiRepository.go:146.16,149.3 1 0
github.com/davi-fernandesx/sistema-de-gestao-de-epi/repository/epi/EpiRepository.go:150.2,154.19 3 1
github.com/davi-fernandesx/sistema-de-gestao-de-epi/repository/epi/EpiRepository.go:154.19,159.17 3 2
github.com/davi-fernandesx/sistema-de-gestao-de-epi/repository/epi/EpiRepository.go:159.17,162.4 1 0
github.com/davi-fernandesx/sistema-de-gestao-de-epi/repository/epi/EpiRepository.go:164.3,164.39 1 2
github.com/davi-fernandesx/sistema-de-gestao-de-epi/repository/epi/EpiRepository.go:167.2,170.18 2 1
github.com/davi-fernandesx/sistema-de-gestao-de-epi/repository/epi/EpiRepository.go:174.80,186.16 3 1
github.com/davi-fernandesx/sistema-de-gestao-de-epi/repository/epi/EpiRepository.go:186.16,188.3 1 0
github.com/davi-fernandesx/sistema-de-gestao-de-epi/repository/epi/EpiRepository.go:189.2,193.20 3 1
github.com/davi-fernandesx/sistema-de-gestao-de-epi/repository/epi/EpiRepository.go:193.20,209.16 3 2
github.com/davi-fernandesx/sistema-de-gestao-de-epi/repository/epi/EpiRepository.go:209.16,211.4 1 0
github.com/davi-fernandesx/sistema-de-gestao-de-epi/repository/epi/EpiRepository.go:213.3,213.25 1 2
github.com/davi-fernandesx/sistema-de-gestao-de-epi/repository/epi/EpiRepository.go:216.3,216.24 1 1
github.com/davi-fernandesx/sistema-de-gestao-de-epi/repository/epi/EpiRepository.go:216.24,219.4 1 0
github.com/davi-fernandesx/sistema-de-gestao-de-epi/repository/epi/EpiRepository.go:223.3,231.16 3 1
github.com/davi-fernandesx/sistema-de-gestao-de-epi/repository/epi/EpiRepository.go:231.16,233.4 1 0
github.com/davi-fernandesx/sistema-de-gestao-de-epi/repository/epi/EpiRepository.go:234.3,236.28 2 1
github.com/davi-fernandesx/sistema-de-gestao-de-epi/repository/epi/EpiRepository.go:236.28,242.17 4 3
github.com/davi-fernandesx/sistema-de-gestao-de-epi/repository/epi/EpiRepository.go:242.17,245.4 1 0
github.com/davi-fernandesx/sistema-de-gestao-de-epi/repository/epi/EpiRepository.go:247.3,247.40 1 3
github.com/davi-fernandesx/sistema-de-gestao-de-epi/repository/epi/EpiRepository.go:247.40,249.4 1 3
github.com/davi-fernandesx/sistema-de-gestao-de-epi/repository/epi/EpiRepository.go:252.3,253.30 2 1
github.com/davi-fernandesx/sistema-de-gestao-de-epi/repository/epi/EpiRepository.go:253.30,255.4 1 2
github.com/davi-fernandesx/sistema-de-gestao-de-epi/repository/epi/EpiRepository.go:259.2,259.18 1 1
github.com/davi-fernandesx/sistema-de-gestao-de-epi/repository/epi/EpiRepository.go:264.69,268.15 2 2
github.com/davi-fernandesx/sistema-de-gestao-de-epi/repository/epi/EpiRepository.go:268.15,271.3 1 0
github.com/davi-fernandesx/sistema-de-gestao-de-epi/repository/epi/EpiRepository.go:272.2,276.16 4 2
github.com/davi-fernandesx/sistema-de-gestao-de-epi/repository/epi/EpiRepository.go:276.16,278.3 1 0
github.com/davi-fernandesx/sistema-de-gestao-de-epi/repository/epi/EpiRepository.go:280.2,283.16 3 2
github.com/davi-fernandesx/sistema-de-gestao-de-epi/repository/epi/EpiRepository.go:283.16,285.3 1 0
github.com/davi-fernandesx/sistema-de-gestao-de-epi/repository/epi/EpiRepository.go:287.2,288.15 2 2
github.com/davi-fernandesx/sistema-de-gestao-de-epi/repository/epi/EpiRepository.go:288.15,289.47 1 0
github.com/davi-fernandesx/sistema-de-gestao-de-epi/repository/epi/EpiRepository.go:289.47,292.4 1 0
github.com/davi-fernandesx/sistema-de-gestao-de-epi/repository/epi/EpiRepository.go:295.2,295.17 1 2
github.com/davi-fernandesx/sistema-de-gestao-de-epi/repository/epi/EpiRepository.go:295.17,298.3 1 1
github.com/davi-fernandesx/sistema-de-gestao-de-epi/repository/epi/EpiRepository.go:300.2,300.21 1 1
github.com/davi-fernandesx/sistema-de-gestao-de-epi/repository/epi/EpiRepository.go:303.84,310.16 3 0
github.com/davi-fernandesx/sistema-de-gestao-de-epi/repository/epi/EpiRepository.go:310.16,313.3 1 0
github.com/davi-fernandesx/sistema-de-gestao-de-epi/repository/epi/EpiRepository.go:315.2,315.12 1 0
github.com/davi-fernandesx/sistema-de-gestao-de-epi/repository/epi/EpiRepository.go:318.96,325.16 3 0
github.com/davi-fernandesx/sistema-de-gestao-de-epi/repository/epi/EpiRepository.go:325.16,328.3 1 0
github.com/davi-fernandesx/sistema-de-gestao-de-epi/repository/epi/EpiRepository.go:330.2,330.12 1 0
github.com/davi-fernandesx/sistema-de-gestao-de-epi/repository/epi/EpiRepository.go:335.80,342.16 3 0
github.com/davi-fernandesx/sistema-de-gestao-de-epi/repository/epi/EpiRepository.go:342.16,345.3 1 0
github.com/davi-fernandesx/sistema-de-gestao-de-epi/repository/epi/EpiRepository.go:347.2,347.12 1 0
github.com/davi-fernandesx/sistema-de-gestao-de-epi/repository/epi/EpiRepository.go:350.94,357.16 3 0
github.com/davi-fernandesx/sistema-de-gestao-de-epi/repository/epi/EpiRepository.go:357.16,360.3 1 0
github.com/davi-fernandesx/sistema-de-gestao-de-epi/repository/epi/EpiRepository.go:362.2,362.12 1 0
github.com/davi-fernandesx/sistema-de-gestao-de-epi/repository/epi/EpiRepository.go:366.107,373.16 3 0
github.com/davi-fernandesx/sistema-de-gestao-de-epi/repository/epi/EpiRepository.go:373.16,376.3 1 0
github.com/davi-fernandesx/sistema-de-gestao-de-epi/repository/epi/EpiRepository.go:378.2,378.12 1 0
github.com/davi-fernandesx/sistema-de-gestao-de-epi/repository/epi/EpiRepository.go:381.100,388.16 3 0
github.com/davi-fernandesx/sistema-de-gestao-de-epi/repository/epi/EpiRepository.go:388.16,391.3 1 0
github.com/davi-fernandesx/sistema-de-gestao-de-epi/repository/epi/EpiRepository.go:393.2,393.12 1 0
github.com/davi-fernandesx/sistema-de-gestao-de-epi/repository/epi/EpiRepository.go:396.104,403.16 3 0
github.com/davi-fernandesx/sistema-de-gestao-de-epi/repository/epi/EpiRepository.go:403.16,406.3 1 0
github.com/davi-fernandesx/sistema-de-gestao-de-epi/repository/epi/EpiRepository.go:408.2,408.12 1 0
github.com/davi-fernandesx/sistema-de-gestao-de-epi/repository/funcionario/funcionario.go:28.64,33.2 1 4
github.com/davi-fernandesx/sistema-de-gestao-de-epi/repository/funcionario/funcionario.go:36.99,46.16 3 3
github.com/davi-fernandesx/sistema-de-gestao-de-epi/repository/funcionario/funcionario.go:46.16,49.55 2 2
github.com/davi-fernandesx/sistema-de-gestao-de-epi/repository/funcionario/funcionario.go:49.55,53.4 1 1
github.com/davi-fernandesx/sistema-de-gestao-de-epi/repository/funcionario/funcionario.go:54.3,54.82 1 1
github.com/davi-fernandesx/sistema-de-gestao-de-epi/repository/funcionario/funcionario.go:57.2,57.12 1 1
github.com/davi-fernandesx/sistema-de-gestao-de-epi/repository/funcionario/funcionario.go:61.99,79.16 4 3
github.com/davi-fernandesx/sistema-de-gestao-de-epi/repository/funcionario/funcionario.go:79.16,80.27 1 2
github.com/davi-fernandesx/sistema-de-gestao-de-epi/repository/funcionario/funcionario.go:80.27,82.4 1 1
github.com/davi-fernandesx/sistema-de-gestao-de-epi/repository/funcionario/funcionario.go:83.3,83.63 1 1
github.com/davi-fernandesx/sistema-de-gestao-de-epi/repository/funcionario/funcionario.go:86.2,86.26 1 1
github.com/davi-fernandesx/sistema-de-gestao-de-epi/repository/funcionario/funcionario.go:90.92,100.16 4 5
github.com/davi-fernandesx/sistema-de-gestao-de-epi/repository/funcionario/funcionario.go:100.16,103.3 1 1
github.com/davi-fernandesx/sistema-de-gestao-de-epi/repository/funcionario/funcionario.go:105.2,107.21 2 4
github.com/davi-fernandesx/sistema-de-gestao-de-epi/repository/funcionario/funcionario.go:107.21,112.17 3 5
github.com/davi-fernandesx/sistema-de-gestao-de-epi/repository/funcionario/funcionario.go:112.17,114.4 1 1
github.com/davi-fernandesx/sistema-de-gestao-de-epi/repository/funcionario/funcionario.go:116.3,116.51 1 4
github.com/davi-fernandesx/sistema-de-gestao-de-epi/repository/funcionario/funcionario.go:120.2,120.38 1 3
github.com/davi-fernandesx/sistema-de-gestao-de-epi/repository/funcionario/funcionario.go:120.38,122.3 1 1
github.com/davi-fernandesx/sistema-de-gestao-de-epi/repository/funcionario/funcionario.go:124.2,124.26 1 2
github.com/davi-fernandesx/sistema-de-gestao-de-epi/repository/funcionario/funcionario.go:128.79,133.18 3 4
github.com/davi-fernandesx/sistema-de-gestao-de-epi/repository/funcionario/funcionario.go:133.18,135.5 1 1
github.com/davi-fernandesx/sistema-de-gestao-de-epi/repository/funcionario/funcionario.go:137.2,139.16 2 3
github.com/davi-fernandesx/sistema-de-gestao-de-epi/repository/funcionario/funcionario.go:139.16,141.46 1 1
github.com/davi-fernandesx/sistema-de-gestao-de-epi/repository/funcionario/funcionario.go:141.46,143.4 1 1
github.com/davi-fernandesx/sistema-de-gestao-de-epi/repository/funcionario/funcionario.go:146.2,146.17 1 2
github.com/davi-fernandesx/sistema-de-gestao-de-epi/repository/funcionario/funcionario.go:146.17,149.3 1 1
github.com/davi-fernandesx/sistema-de-gestao-de-epi/repository/funcionario/funcionario.go:151.2,151.13 1 1
github.com/davi-fernandesx/sistema-de-gestao-de-epi/repository/funcionario/funcionario.go:154.92,161.16 3 0
github.com/davi-fernandesx/sistema-de-gestao-de-epi/repository/funcionario/funcionario.go:161.16,163.3 1 0
github.com/davi-fernandesx/sistema-de-gestao-de-epi/repository/funcionario/funcionario.go:165.2,165.13 1 0
github.com/davi-fernandesx/sistema-de-gestao-de-epi/repository/funcionario/funcionario.go:168.103,175.16 3 0
github.com/davi-fernandesx/sistema-de-gestao-de-epi/repository/funcionario/funcionario.go:175.16,177.3 1 0
github.com/davi-fernandesx/sistema-de-gestao-de-epi/repository/funcionario/funcionario.go:179.2,179.13 1 0
github.com/davi-fernandesx/sistema-de-gestao-de-epi/repository/funcionario/funcionario.go:182.91,189.16 3 0
github.com/davi-fernandesx/sistema-de-gestao-de-epi/repository/funcionario/funcionario.go:189.16,191.3 1 0
github.com/davi-fernandesx/sistema-de-gestao-de-epi/repository/funcionario/funcionario.go:193.2,193.13 1 0
github.com/davi-fernandesx/sistema-de-gestao-de-epi/repository/login/loginRepository.go:30.43,35.2 1 3
github.com/davi-fernandesx/sistema-de-gestao-de-epi/repository/login/loginRepository.go:38.78,45.16 3 3
github.com/davi-fernandesx/sistema-de-gestao-de-epi/repository/login/loginRepository.go:45.16,47.54 2 2
github.com/davi-fernandesx/sistema-de-gestao-de-epi/repository/login/loginRepository.go:47.54,49.4 1 1
github.com/davi-fernandesx/sistema-de-gestao-de-epi/repository/login/loginRepository.go:51.3,51.80 1 1
github.com/davi-fernandesx/sistema-de-gestao-de-epi/repository/login/loginRepository.go:54.2,54.13 1 1
github.com/davi-fernandesx/sistema-de-gestao-de-epi/repository/login/loginRepository.go:58.66,66.16 3 3
github.com/davi-fernandesx/sistema-de-gestao-de-epi/repository/login/loginRepository.go:66.16,69.3 1 0
github.com/davi-fernandesx/sistema-de-gestao-de-epi/repository/login/loginRepository.go:71.2,72.15 2 3
github.com/davi-fernandesx/sistema-de-gestao-de-epi/repository/login/loginRepository.go:72.15,73.46 1 1
github.com/davi-fernandesx/sistema-de-gestao-de-epi/repository/login/loginRepository.go:73.46,75.4 1 1
github.com/davi-fernandesx/sistema-de-gestao-de-epi/repository/login/loginRepository.go:78.2,78.13 1 2
github.com/davi-fernandesx/sistema-de-gestao-de-epi/repository/login/loginRepository.go:78.13,80.3 1 1
github.com/davi-fernandesx/sistema-de-gestao-de-epi/repository/login/loginRepository.go:83.2,83.12 1 1
github.com/davi-fernandesx/sistema-de-gestao-de-epi/repository/login/loginRepository.go:89.87,105.16 4 3
github.com/davi-fernandesx/sistema-de-gestao-de-epi/repository/login/loginRepository.go:105.16,107.27 1 2
github.com/davi-fernandesx/sistema-de-gestao-de-epi/repository/login/loginRepository.go:107.27,109.4 1 1
github.com/davi-fernandesx/sistema-de-gestao-de-epi/repository/login/loginRepository.go:111.3,111.90 1 1
github.com/davi-fernandesx/sistema-de-gestao-de-epi/repository/login/loginRepository.go:115.3,115.24 1 1
github.com/davi-fernandesx/sistema-de-gestao-de-epi/repository/tipo_protecao/tipo_protecaoRepository.go:24.66,29.2 1 4
github.com/davi-fernandesx/sistema-de-gestao-de-epi/repository/tipo_protecao/tipo_protecaoRepository.go:32.95,37.16 3 2
github.com/davi-fernandesx/sistema-de-gestao-de-epi/repository/tipo_protecao/tipo_protecaoRepository.go:37.16,39.3 1 1
github.com/davi-fernandesx/sistema-de-gestao-de-epi/repository/tipo_protecao/tipo_protecaoRepository.go:41.2,41.13 1 1
github.com/davi-fernandesx/sistema-de-gestao-de-epi/repository/tipo_protecao/tipo_protecaoRepository.go:46.99,54.16 4 3
github.com/davi-fernandesx/sistema-de-gestao-de-epi/repository/tipo_protecao/tipo_protecaoRepository.go:54.16,55.27 1 2
github.com/davi-fernandesx/sistema-de-gestao-de-epi/repository/tipo_protecao/tipo_protecaoRepository.go:55.27,57.4 1 1
github.com/davi-fernandesx/sistema-de-gestao-de-epi/repository/tipo_protecao/tipo_protecaoRepository.go:59.3,59.62 1 1
github.com/davi-fernandesx/sistema-de-gestao-de-epi/repository/tipo_protecao/tipo_protecaoRepository.go:62.2,62.23 1 1
github.com/davi-fernandesx/sistema-de-gestao-de-epi/repository/tipo_protecao/tipo_protecaoRepository.go:66.97,71.16 3 4
github.com/davi-fernandesx/sistema-de-gestao-de-epi/repository/tipo_protecao/tipo_protecaoRepository.go:71.16,73.3 1 1
github.com/davi-fernandesx/sistema-de-gestao-de-epi/repository/tipo_protecao/tipo_protecaoRepository.go:75.2,79.19 3 3
github.com/davi-fernandesx/sistema-de-gestao-de-epi/repository/tipo_protecao/tipo_protecaoRepository.go:79.19,83.17 3 5
github.com/davi-fernandesx/sistema-de-gestao-de-epi/repository/tipo_protecao/tipo_protecaoRepository.go:83.17,85.4 1 1
github.com/davi-fernandesx/sistema-de-gestao-de-epi/repository/tipo_protecao/tipo_protecaoRepository.go:87.3,87.42 1 4
github.com/davi-fernandesx/sistema-de-gestao-de-epi/repository/tipo_protecao/tipo_protecaoRepository.go:90.2,91.16 2 2
github.com/davi-fernandesx/sistema-de-gestao-de-epi/repository/tipo_protecao/tipo_protecaoRepository.go:91.16,93.3 1 1
github.com/davi-fernandesx/sistema-de-gestao-de-epi/repository/tipo_protecao/tipo_protecaoRepository.go:95.2,95.23 1 1
github.com/davi-fernandesx/sistema-de-gestao-de-epi/repository/tipo_protecao/tipo_protecaoRepository.go:99.77,105.16 3 4
github.com/davi-fernandesx/sistema-de-gestao-de-epi/repository/tipo_protecao/tipo_protecaoRepository.go:105.16,107.3 1 1
github.com/davi-fernandesx/sistema-de-gestao-de-epi/repository/tipo_protecao/tipo_protecaoRepository.go:109.2,110.16 2 3
github.com/davi-fernandesx/sistema-de-gestao-de-epi/repository/tipo_protecao/tipo_protecaoRepository.go:110.16,111.46 1 1
github.com/davi-fernandesx/sistema-de-gestao-de-epi/repository/tipo_protecao/tipo_protecaoRepository.go:111.46,114.4 1 1
github.com/davi-fernandesx/sistema-de-gestao-de-epi/repository/tipo_protecao/tipo_protecaoRepository.go:117.2,117.17 1 2
github.com/davi-fernandesx/sistema-de-gestao-de-epi/repository/tipo_protecao/tipo_protecaoRepository.go:117.17,120.3 1 1
github.com/davi-fernandesx/sistema-de-gestao-de-epi/repository/tipo_protecao/tipo_protecaoRepository.go:122.2,122.12 1 1
github.com/davi-fernandesx/sistema-de-gestao-de-epi/service/ServiceConfig.go:11.40,20.2 2 6
github.com/davi-fernandesx/sistema-de-gestao-de-epi/service/ServiceConfig.go:22.48,24.33 1 9
github.com/davi-fernandesx/sistema-de-gestao-de-epi/service/ServiceConfig.go:24.33,27.3 1 1
github.com/davi-fernandesx/sistema-de-gestao-de-epi/service/ServiceConfig.go:29.2,29.12 1 8
github.com/davi-fernandesx/sistema-de-gestao-de-epi/service/ServiceConfig.go:32.74,35.16 2 4
github.com/davi-fernandesx/sistema-de-gestao-de-epi/service/ServiceConfig.go:35.16,37.3 1 0
github.com/davi-fernandesx/sistema-de-gestao-de-epi/service/ServiceConfig.go:39.2,40.25 2 4
github.com/davi-fernandesx/sistema-de-gestao-de-epi/service/ServiceConfig.go:40.25,42.3 1 0
github.com/davi-fernandesx/sistema-de-gestao-de-epi/service/ServiceConfig.go:44.2,45.16 2 4
github.com/davi-fernandesx/sistema-de-gestao-de-epi/service/ServiceConfig.go:45.16,48.3 1 0
github.com/davi-fernandesx/sistema-de-gestao-de-epi/service/ServiceConfig.go:51.2,51.31 1 4
github.com/davi-fernandesx/sistema-de-gestao-de-epi/service/ServiceConfig.go:51.31,53.3 1 0
github.com/davi-fernandesx/sistema-de-gestao-de-epi/service/ServiceConfig.go:55.2,55.27 1 4
github.com/davi-fernandesx/sistema-de-gestao-de-epi/service/loginService.go:26.72,32.2 1 0
github.com/davi-fernandesx/sistema-de-gestao-de-epi/service/loginService.go:34.92,36.48 1 0
github.com/davi-fernandesx/sistema-de-gestao-de-epi/service/loginService.go:36.48,38.3 1 0
github.com/davi-fernandesx/sistema-de-gestao-de-epi/service/loginService.go:40.2,41.16 2 0
github.com/davi-fernandesx/sistema-de-gestao-de-epi/service/loginService.go:41.16,43.3 1 0
github.com/davi-fernandesx/sistema-de-gestao-de-epi/service/loginService.go:44.2,50.16 3 0
github.com/davi-fernandesx/sistema-de-gestao-de-epi/service/loginService.go:50.16,53.3 1 0
github.com/davi-fernandesx/sistema-de-gestao-de-epi/service/loginService.go:55.2,55.12 1 0
github.com/davi-fernandesx/sistema-de-gestao-de-epi/service/loginService.go:58.95,61.16 2 0
github.com/davi-fernandesx/sistema-de-gestao-de-epi/service/loginService.go:61.16,63.47 1 0
github.com/davi-fernandesx/sistema-de-gestao-de-epi/service/loginService.go:63.47,66.4 1 0
github.com/davi-fernandesx/sistema-de-gestao-de-epi/service/loginService.go:68.3,68.20 1 0
github.com/davi-fernandesx/sistema-de-gestao-de-epi/service/loginService.go:72.2,73.16 2 0
github.com/davi-fernandesx/sistema-de-gestao-de-epi/service/loginService.go:73.16,76.3 1 0
github.com/davi-fernandesx/sistema-de-gestao-de-epi/service/loginService.go:78.2,78.24 1 0
github.com/davi-fernandesx/sistema-de-gestao-de-epi/service/funcionario/FuncionarioService.go:28.79,33.2 1 0
github.com/davi-fernandesx/sistema-de-gestao-de-epi/service/funcionario/FuncionarioService.go:36.113,38.47 1 5
github.com/davi-fernandesx/sistema-de-gestao-de-epi/service/funcionario/FuncionarioService.go:38.47,41.3 1 0
github.com/davi-fernandesx/sistema-de-gestao-de-epi/service/funcionario/FuncionarioService.go:43.2,43.40 1 5
github.com/davi-fernandesx/sistema-de-gestao-de-epi/service/funcionario/FuncionarioService.go:43.40,46.3 1 0
github.com/davi-fernandesx/sistema-de-gestao-de-epi/service/funcionario/FuncionarioService.go:48.2,48.34 1 5
github.com/davi-fernandesx/sistema-de-gestao-de-epi/service/funcionario/FuncionarioService.go:48.34,50.3 1 0
github.com/davi-fernandesx/sistema-de-gestao-de-epi/service/funcionario/FuncionarioService.go:52.2,52.70 1 5
github.com/davi-fernandesx/sistema-de-gestao-de-epi/service/funcionario/FuncionarioService.go:52.70,55.3 1 0
github.com/davi-fernandesx/sistema-de-gestao-de-epi/service/funcionario/FuncionarioService.go:57.2,58.16 2 5
github.com/davi-fernandesx/sistema-de-gestao-de-epi/service/funcionario/FuncionarioService.go:58.16,60.3 1 1
github.com/davi-fernandesx/sistema-de-gestao-de-epi/service/funcionario/FuncionarioService.go:62.2,63.19 2 4
github.com/davi-fernandesx/sistema-de-gestao-de-epi/service/funcionario/FuncionarioService.go:63.19,65.6 1 0
github.com/davi-fernandesx/sistema-de-gestao-de-epi/service/funcionario/FuncionarioService.go:66.2,68.16 2 4
github.com/davi-fernandesx/sistema-de-gestao-de-epi/service/funcionario/FuncionarioService.go:68.16,70.27 1 3
github.com/davi-fernandesx/sistema-de-gestao-de-epi/service/funcionario/FuncionarioService.go:70.27,73.4 1 1
github.com/davi-fernandesx/sistema-de-gestao-de-epi/service/funcionario/FuncionarioService.go:75.8,78.3 1 1
github.com/davi-fernandesx/sistema-de-gestao-de-epi/service/funcionario/FuncionarioService.go:80.2,89.59 3 2
github.com/davi-fernandesx/sistema-de-gestao-de-epi/service/funcionario/FuncionarioService.go:93.131,96.16 2 0
github.com/davi-fernandesx/sistema-de-gestao-de-epi/service/funcionario/FuncionarioService.go:96.16,99.3 1 0
github.com/davi-fernandesx/sistema-de-gestao-de-epi/service/funcionario/FuncionarioService.go:101.2,102.16 2 0
github.com/davi-fernandesx/sistema-de-gestao-de-epi/service/funcionario/FuncionarioService.go:102.16,104.36 1 0
github.com/davi-fernandesx/sistema-de-gestao-de-epi/service/funcionario/FuncionarioService.go:104.36,107.4 1 0
github.com/davi-fernandesx/sistema-de-gestao-de-epi/service/funcionario/FuncionarioService.go:109.3,109.18 1 0
github.com/davi-fernandesx/sistema-de-gestao-de-epi/service/funcionario/FuncionarioService.go:113.2,127.22 2 0
github.com/davi-fernandesx/sistema-de-gestao-de-epi/service/funcionario/FuncionarioService.go:131.108,134.16 2 0
github.com/davi-fernandesx/sistema-de-gestao-de-epi/service/funcionario/FuncionarioService.go:134.16,136.3 1 0
github.com/davi-fernandesx/sistema-de-gestao-de-epi/service/funcionario/FuncionarioService.go:138.2,139.16 2 0
github.com/davi-fernandesx/sistema-de-gestao-de-epi/service/funcionario/FuncionarioService.go:139.16,141.44 1 0
github.com/davi-fernandesx/sistema-de-gestao-de-epi/service/funcionario/FuncionarioService.go:141.44,144.4 1 0
github.com/davi-fernandesx/sistema-de-gestao-de-epi/service/funcionario/FuncionarioService.go:146.3,146.53 1 0
github.com/davi-fernandesx/sistema-de-gestao-de-epi/service/funcionario/FuncionarioService.go:146.53,148.4 1 0
github.com/davi-fernandesx/sistema-de-gestao-de-epi/service/funcionario/FuncionarioService.go:150.3,150.41 1 0
github.com/davi-fernandesx/sistema-de-gestao-de-epi/service/funcionario/FuncionarioService.go:150.41,153.4 1 0
github.com/davi-fernandesx/sistema-de-gestao-de-epi/service/funcionario/FuncionarioService.go:155.3,155.76 1 0
github.com/davi-fernandesx/sistema-de-gestao-de-epi/service/funcionario/FuncionarioService.go:158.2,160.43 2 0
github.com/davi-fernandesx/sistema-de-gestao-de-epi/service/funcionario/FuncionarioService.go:160.43,178.3 2 0
github.com/davi-fernandesx/sistema-de-gestao-de-epi/service/funcionario/FuncionarioService.go:180.2,180.29 1 0
github.com/davi-fernandesx/sistema-de-gestao-de-epi/service/funcionario/FuncionarioService.go:184.94,187.16 2 0
github.com/davi-fernandesx/sistema-de-gestao-de-epi/service/funcionario/FuncionarioService.go:187.16,189.3 1 0
github.com/davi-fernandesx/sistema-de-gestao-de-epi/service/funcionario/FuncionarioService.go:191.2,192.16 2 0
github.com/davi-fernandesx/sistema-de-gestao-de-epi/service/funcionario/FuncionarioService.go:192.16,194.41 1 0
github.com/davi-fernandesx/sistema-de-gestao-de-epi/service/funcionario/FuncionarioService.go:194.41,196.4 1 0
github.com/davi-fernandesx/sistema-de-gestao-de-epi/service/funcionario/FuncionarioService.go:198.3,198.47 1 0
github.com/davi-fernandesx/sistema-de-gestao-de-epi/service/funcionario/FuncionarioService.go:198.47,201.4 1 0
github.com/davi-fernandesx/sistema-de-gestao-de-epi/service/funcionario/FuncionarioService.go:203.3,203.71 1 0
github.com/davi-fernandesx/sistema-de-gestao-de-epi/service/funcionario/FuncionarioService.go:206.2,206.12 1 0
github.com/davi-fernandesx/sistema-de-gestao-de-epi/service/ServiceConfig.go:11.40,20.2 2 0
github.com/davi-fernandesx/sistema-de-gestao-de-epi/service/ServiceConfig.go:22.48,24.33 1 0
github.com/davi-fernandesx/sistema-de-gestao-de-epi/service/ServiceConfig.go:24.33,27.3 1 0
github.com/davi-fernandesx/sistema-de-gestao-de-epi/service/ServiceConfig.go:29.2,29.12 1 0
github.com/davi-fernandesx/sistema-de-gestao-de-epi/service/ServiceConfig.go:32.74,35.16 2 0
github.com/davi-fernandesx/sistema-de-gestao-de-epi/service/ServiceConfig.go:35.16,37.3 1 0
github.com/davi-fernandesx/sistema-de-gestao-de-epi/service/ServiceConfig.go:39.2,40.25 2 0
github.com/davi-fernandesx/sistema-de-gestao-de-epi/service/ServiceConfig.go:40.25,42.3 1 0
github.com/davi-fernandesx/sistema-de-gestao-de-epi/service/ServiceConfig.go:44.2,45.16 2 0
github.com/davi-fernandesx/sistema-de-gestao-de-epi/service/ServiceConfig.go:45.16,48.3 1 0
github.com/davi-fernandesx/sistema-de-gestao-de-epi/service/ServiceConfig.go:51.2,51.31 1 0
github.com/davi-fernandesx/sistema-de-gestao-de-epi/service/ServiceConfig.go:51.31,53.3 1 0
github.com/davi-fernandesx/sistema-de-gestao-de-epi/service/ServiceConfig.go:55.2,55.27 1 0
github.com/davi-fernandesx/sistema-de-gestao-de-epi/service/loginService.go:26.72,32.2 1 0
github.com/davi-fernandesx/sistema-de-gestao-de-epi/service/loginService.go:34.92,36.48 1 0
github.com/davi-fernandesx/sistema-de-gestao-de-epi/service/loginService.go:36.48,38.3 1 0
github.com/davi-fernandesx/sistema-de-gestao-de-epi/service/loginService.go:40.2,41.16 2 0
github.com/davi-fernandesx/sistema-de-gestao-de-epi/service/loginService.go:41.16,43.3 1 0
github.com/davi-fernandesx/sistema-de-gestao-de-epi/service/loginService.go:44.2,50.16 3 0
github.com/davi-fernandesx/sistema-de-gestao-de-epi/service/loginService.go:50.16,53.3 1 0
github.com/davi-fernandesx/sistema-de-gestao-de-epi/service/loginService.go:55.2,55.12 1 0
github.com/davi-fernandesx/sistema-de-gestao-de-epi/service/loginService.go:58.95,61.16 2 0
github.com/davi-fernandesx/sistema-de-gestao-de-epi/service/loginService.go:61.16,63.47 1 0
github.com/davi-fernandesx/sistema-de-gestao-de-epi/service/loginService.go:63.47,66.4 1 0
github.com/davi-fernandesx/sistema-de-gestao-de-epi/service/loginService.go:68.3,68.20 1 0
github.com/davi-fernandesx/sistema-de-gestao-de-epi/service/loginService.go:72.2,73.16 2 0
github.com/davi-fernandesx/sistema-de-gestao-de-epi/service/loginService.go:73.16,76.3 1 0
github.com/davi-fernandesx/sistema-de-gestao-de-epi/service/loginService.go:78.2,78.24 1 0
github.com/davi-fernandesx/sistema-de-gestao-de-epi/repository/tamanhos/tamanhosReposititory.go:26.57,31.2 1 5
github.com/davi-fernandesx/sistema-de-gestao-de-epi/repository/tamanhos/tamanhosReposititory.go:34.91,39.16 3 3
github.com/davi-fernandesx/sistema-de-gestao-de-epi/repository/tamanhos/tamanhosReposititory.go:39.16,41.54 2 2
github.com/davi-fernandesx/sistema-de-gestao-de-epi/repository/tamanhos/tamanhosReposititory.go:41.54,43.4 1 1
github.com/davi-fernandesx/sistema-de-gestao-de-epi/repository/tamanhos/tamanhosReposititory.go:44.3,44.76 1 1
github.com/davi-fernandesx/sistema-de-gestao-de-epi/repository/tamanhos/tamanhosReposititory.go:47.2,47.13 1 1
github.com/davi-fernandesx/sistema-de-gestao-de-epi/repository/tamanhos/tamanhosReposititory.go:51.95,59.16 4 3
github.com/davi-fernandesx/sistema-de-gestao-de-epi/repository/tamanhos/tamanhosReposititory.go:59.16,60.27 1 2
github.com/davi-fernandesx/sistema-de-gestao-de-epi/repository/tamanhos/tamanhosReposititory.go:60.27,62.4 1 1
github.com/davi-fernandesx/sistema-de-gestao-de-epi/repository/tamanhos/tamanhosReposititory.go:64.4,64.66 1 1
github.com/davi-fernandesx/sistema-de-gestao-de-epi/repository/tamanhos/tamanhosReposititory.go:69.2,69.23 1 1
github.com/davi-fernandesx/sistema-de-gestao-de-epi/repository/tamanhos/tamanhosReposititory.go:73.105,88.16 3 5
github.com/davi-fernandesx/sistema-de-gestao-de-epi/repository/tamanhos/tamanhosReposititory.go:88.16,91.3 1 1
github.com/davi-fernandesx/sistema-de-gestao-de-epi/repository/tamanhos/tamanhosReposititory.go:93.2,97.20 3 4
github.com/davi-fernandesx/sistema-de-gestao-de-epi/repository/tamanhos/tamanhosReposititory.go:97.20,101.17 3 5
github.com/davi-fernandesx/sistema-de-gestao-de-epi/repository/tamanhos/tamanhosReposititory.go:101.17,104.4 1 1
github.com/davi-fernandesx/sistema-de-gestao-de-epi/repository/tamanhos/tamanhosReposititory.go:106.3,106.33 1 4
github.com/davi-fernandesx/sistema-de-gestao-de-epi/repository/tamanhos/tamanhosReposititory.go:109.2,110.16 2 3
github.com/davi-fernandesx/sistema-de-gestao-de-epi/repository/tamanhos/tamanhosReposititory.go:110.16,113.3 1 1
github.com/davi-fernandesx/sistema-de-gestao-de-epi/repository/tamanhos/tamanhosReposititory.go:115.2,115.22 1 2
github.com/davi-fernandesx/sistema-de-gestao-de-epi/repository/tamanhos/tamanhosReposititory.go:119.93,124.16 3 4
github.com/davi-fernandesx/sistema-de-gestao-de-epi/repository/tamanhos/tamanhosReposititory.go:124.16,126.3 1 1
github.com/davi-fernandesx/sistema-de-gestao-de-epi/repository/tamanhos/tamanhosReposititory.go:128.2,132.19 3 3
github.com/davi-fernandesx/sistema-de-gestao-de-epi/repository/tamanhos/tamanhosReposititory.go:132.19,136.17 3 5
github.com/davi-fernandesx/sistema-de-gestao-de-epi/repository/tamanhos/tamanhosReposititory.go:136.17,138.4 1 1
github.com/davi-fernandesx/sistema-de-gestao-de-epi/repository/tamanhos/tamanhosReposititory.go:140.3,140.39 1 4
github.com/davi-fernandesx/sistema-de-gestao-de-epi/repository/tamanhos/tamanhosReposititory.go:143.2,144.16 2 2
github.com/davi-fernandesx/sistema-de-gestao-de-epi/repository/tamanhos/tamanhosReposititory.go:144.16,147.3 1 1
github.com/davi-fernandesx/sistema-de-gestao-de-epi/repository/tamanhos/tamanhosReposititory.go:149.2,149.23 1 1
github.com/davi-fernandesx/sistema-de-gestao-de-epi/repository/tamanhos/tamanhosReposititory.go:153.77,158.16 3 4
github.com/davi-fernandesx/sistema-de-gestao-de-epi/repository/tamanhos/tamanhosReposititory.go:158.16,160.3 1 1
github.com/davi-fernandesx/sistema-de-gestao-de-epi/repository/tamanhos/tamanhosReposititory.go:162.2,163.16 2 3
github.com/davi-fernandesx/sistema-de-gestao-de-epi/repository/tamanhos/tamanhosReposititory.go:163.16,164.46 1 1
github.com/davi-fernandesx/sistema-de-gestao-de-epi/repository/tamanhos/tamanhosReposititory.go:164.46,167.4 1 1
github.com/davi-fernandesx/sistema-de-gestao-de-epi/repository/tamanhos/tamanhosReposititory.go:170.2,170.16 1 2
github.com/davi-fernandesx/sistema-de-gestao-de-epi/repository/tamanhos/tamanhosReposititory.go:170.16,172.3 1 1
github.com/davi-fernandesx/sistema-de-gestao-de-epi/repository/tamanhos/tamanhosReposititory.go:174.2,174.13 1 1
github.com/davi-fernandesx/sistema-de-gestao-de-epi/repository/tamanhos/tamanhosReposititory.go:178.89,185.16 3 0
github.com/davi-fernandesx/sistema-de-gestao-de-epi/repository/tamanhos/tamanhosReposititory.go:185.16,187.3 1 0
github.com/davi-fernandesx/sistema-de-gestao-de-epi/repository/tamanhos/tamanhosReposititory.go:189.2,189.13 1 0
